<?xml version="1.0" encoding="UTF-8"?>
<!-- Generated by org.testng.reporters.JUnitReportReporter -->
<testsuite skipped="0" hostname="SSC-IS182" name="smokeTests.LoginToHudlWithBlankEmailAndBlankPasswordTest" tests="1" failures="0" timestamp="26 Apr 2022 16:34:42 GMT" time="6.415" errors="0">
  <testcase name="loginToHudlWithBlankEmailBlankPasswordTest" time="6.415" classname="smokeTests.LoginToHudlWithBlankEmailAndBlankPasswordTest"/>
</testsuite> <!-- smokeTests.LoginToHudlWithBlankEmailAndBlankPasswordTest -->
