<?xml version="1.0" encoding="UTF-8"?>
<!-- Generated by org.testng.reporters.JUnitReportReporter -->
<testsuite skipped="0" hostname="SSC-IS182" name="tests.HudlSmokeTests" tests="1" failures="0" timestamp="26 Apr 2022 22:08:35 GMT" time="11.885" errors="0">
  <testcase name="verifyNeedHelpButtonFunctionalityTest" time="11.885" classname="tests.HudlSmokeTests"/>
</testsuite> <!-- tests.HudlSmokeTests -->
