<?xml version="1.0" encoding="UTF-8"?>
<!-- Generated by org.testng.reporters.JUnitReportReporter -->
<testsuite skipped="0" hostname="SSC-IS182" name="tests.HudlLoginTests" tests="1" failures="0" timestamp="27 Apr 2022 14:59:16 GMT" time="12.399" errors="0">
  <testcase name="loginToHudlTest" time="12.399" classname="tests.HudlLoginTests"/>
</testsuite> <!-- tests.HudlLoginTests -->
