<?xml version="1.0" encoding="UTF-8"?>
<!-- Generated by org.testng.reporters.JUnitReportReporter -->
<testsuite skipped="0" hostname="SSC-IS182" name="tests.HudlSmokeTests" tests="1" failures="0" timestamp="26 Apr 2022 17:49:55 GMT" time="12.193" errors="0">
  <testcase name="loginToHudlTest" time="12.193" classname="tests.HudlSmokeTests"/>
</testsuite> <!-- tests.HudlSmokeTests -->
